2025-09-15 17:06:21,976:WARNING:
'cuml' is a soft dependency and not included in the pycaret installation. Please run: `pip install cuml` to install.
2025-09-15 17:06:21,976:WARNING:
'cuml' is a soft dependency and not included in the pycaret installation. Please run: `pip install cuml` to install.
2025-09-15 17:06:21,976:WARNING:
'cuml' is a soft dependency and not included in the pycaret installation. Please run: `pip install cuml` to install.
2025-09-15 17:06:21,976:WARNING:
'cuml' is a soft dependency and not included in the pycaret installation. Please run: `pip install cuml` to install.
2025-09-15 17:08:03,428:INFO:PyCaret AnomalyExperiment
2025-09-15 17:08:03,429:INFO:Logging name: anomaly-default-name
2025-09-15 17:08:03,430:INFO:ML Usecase: MLUsecase.ANOMALY
2025-09-15 17:08:03,430:INFO:version 3.3.2
2025-09-15 17:08:03,431:INFO:Initializing setup()
2025-09-15 17:08:03,431:INFO:self.USI: 4432
2025-09-15 17:08:03,431:INFO:self._variable_keys: {'html_param', 'seed', 'idx', '_ml_usecase', 'X', 'exp_id', 'gpu_param', 'pipeline', 'memory', 'gpu_n_jobs_param', 'data', 'exp_name_log', 'logging_param', 'USI', 'log_plots_param', '_available_plots', 'n_jobs_param'}
2025-09-15 17:08:03,431:INFO:Checking environment
2025-09-15 17:08:03,431:INFO:python_version: 3.11.5
2025-09-15 17:08:03,431:INFO:python_build: ('tags/v3.11.5:cce6ba9', 'Aug 24 2023 14:38:34')
2025-09-15 17:08:03,432:INFO:machine: AMD64
2025-09-15 17:08:03,432:INFO:platform: Windows-10-10.0.26100-SP0
2025-09-15 17:08:03,434:INFO:Memory: svmem(total=4050997248, available=476180480, percent=88.2, used=3574816768, free=476180480)
2025-09-15 17:08:03,435:INFO:Physical Core: 2
2025-09-15 17:08:03,436:INFO:Logical Core: 4
2025-09-15 17:08:03,436:INFO:Checking libraries
2025-09-15 17:08:03,437:INFO:System:
2025-09-15 17:08:03,438:INFO:    python: 3.11.5 (tags/v3.11.5:cce6ba9, Aug 24 2023, 14:38:34) [MSC v.1936 64 bit (AMD64)]
2025-09-15 17:08:03,438:INFO:executable: c:\Users\DELL\AppData\Local\Programs\Python\Python311\python.exe
2025-09-15 17:08:03,438:INFO:   machine: Windows-10-10.0.26100-SP0
2025-09-15 17:08:03,438:INFO:PyCaret required dependencies:
2025-09-15 17:08:03,597:INFO:                 pip: 25.0.1
2025-09-15 17:08:03,597:INFO:          setuptools: 65.5.0
2025-09-15 17:08:03,597:INFO:             pycaret: 3.3.2
2025-09-15 17:08:03,597:INFO:             IPython: 9.5.0
2025-09-15 17:08:03,598:INFO:          ipywidgets: 8.1.7
2025-09-15 17:08:03,598:INFO:                tqdm: 4.67.1
2025-09-15 17:08:03,598:INFO:               numpy: 1.26.4
2025-09-15 17:08:03,598:INFO:              pandas: 2.1.4
2025-09-15 17:08:03,598:INFO:              jinja2: 3.1.6
2025-09-15 17:08:03,598:INFO:               scipy: 1.11.4
2025-09-15 17:08:03,599:INFO:              joblib: 1.3.2
2025-09-15 17:08:03,599:INFO:             sklearn: 1.4.2
2025-09-15 17:08:03,599:INFO:                pyod: 2.0.5
2025-09-15 17:08:03,599:INFO:            imblearn: 0.14.0
2025-09-15 17:08:03,599:INFO:   category_encoders: 2.7.0
2025-09-15 17:08:03,599:INFO:            lightgbm: 4.6.0
2025-09-15 17:08:03,599:INFO:               numba: 0.61.2
2025-09-15 17:08:03,599:INFO:            requests: 2.32.3
2025-09-15 17:08:03,599:INFO:          matplotlib: 3.7.5
2025-09-15 17:08:03,599:INFO:          scikitplot: 0.3.7
2025-09-15 17:08:03,599:INFO:         yellowbrick: 1.5
2025-09-15 17:08:03,599:INFO:              plotly: 6.3.0
2025-09-15 17:08:03,599:INFO:    plotly-resampler: Not installed
2025-09-15 17:08:03,599:INFO:             kaleido: 1.0.0
2025-09-15 17:08:03,599:INFO:           schemdraw: 0.15
2025-09-15 17:08:03,599:INFO:         statsmodels: 0.14.5
2025-09-15 17:08:03,599:INFO:              sktime: 0.26.0
2025-09-15 17:08:03,599:INFO:               tbats: 1.1.3
2025-09-15 17:08:03,599:INFO:            pmdarima: 2.0.4
2025-09-15 17:08:03,599:INFO:              psutil: 7.0.0
2025-09-15 17:08:03,599:INFO:          markupsafe: 3.0.2
2025-09-15 17:08:03,599:INFO:             pickle5: Not installed
2025-09-15 17:08:03,599:INFO:         cloudpickle: 3.1.1
2025-09-15 17:08:03,600:INFO:         deprecation: 2.1.0
2025-09-15 17:08:03,600:INFO:              xxhash: 3.5.0
2025-09-15 17:08:03,600:INFO:           wurlitzer: Not installed
2025-09-15 17:08:03,600:INFO:PyCaret optional dependencies:
2025-09-15 17:08:03,632:INFO:                shap: Not installed
2025-09-15 17:08:03,632:INFO:           interpret: Not installed
2025-09-15 17:08:03,632:INFO:                umap: Not installed
2025-09-15 17:08:03,632:INFO:     ydata_profiling: Not installed
2025-09-15 17:08:03,632:INFO:  explainerdashboard: Not installed
2025-09-15 17:08:03,633:INFO:             autoviz: Not installed
2025-09-15 17:08:03,633:INFO:           fairlearn: Not installed
2025-09-15 17:08:03,633:INFO:          deepchecks: Not installed
2025-09-15 17:08:03,633:INFO:             xgboost: Not installed
2025-09-15 17:08:03,633:INFO:            catboost: Not installed
2025-09-15 17:08:03,633:INFO:              kmodes: Not installed
2025-09-15 17:08:03,633:INFO:             mlxtend: 0.23.4
2025-09-15 17:08:03,633:INFO:       statsforecast: Not installed
2025-09-15 17:08:03,633:INFO:        tune_sklearn: Not installed
2025-09-15 17:08:03,633:INFO:                 ray: Not installed
2025-09-15 17:08:03,633:INFO:            hyperopt: Not installed
2025-09-15 17:08:03,633:INFO:              optuna: Not installed
2025-09-15 17:08:03,633:INFO:               skopt: Not installed
2025-09-15 17:08:03,634:INFO:              mlflow: Not installed
2025-09-15 17:08:03,634:INFO:              gradio: Not installed
2025-09-15 17:08:03,634:INFO:             fastapi: Not installed
2025-09-15 17:08:03,634:INFO:             uvicorn: Not installed
2025-09-15 17:08:03,634:INFO:              m2cgen: Not installed
2025-09-15 17:08:03,635:INFO:           evidently: Not installed
2025-09-15 17:08:03,635:INFO:               fugue: Not installed
2025-09-15 17:08:03,635:INFO:           streamlit: Not installed
2025-09-15 17:08:03,635:INFO:             prophet: Not installed
2025-09-15 17:08:03,635:INFO:None
2025-09-15 17:08:03,635:INFO:Set up data.
2025-09-15 17:08:03,645:INFO:Set up index.
2025-09-15 17:08:03,646:INFO:Assigning column types.
2025-09-15 17:08:03,651:INFO:Engine successfully changes for model 'kmeans' to 'sklearn'.
2025-09-15 17:08:04,942:INFO:Engine successfully changes for model 'dbscan' to 'sklearn'.
2025-09-15 17:08:04,948:INFO:Preparing preprocessing pipeline...
2025-09-15 17:08:04,948:INFO:Set up simple imputation.
2025-09-15 17:08:04,948:INFO:Set up feature normalization.
2025-09-15 17:08:04,973:INFO:Finished creating preprocessing pipeline.
2025-09-15 17:08:04,980:INFO:Pipeline: Pipeline(memory=FastMemory(location=C:\Users\DELL\AppData\Local\Temp\joblib),
         steps=[('numerical_imputer',
                 TransformerWrapper(include=['sepal_length', 'sepal_width',
                                             'petal_length', 'petal_width'],
                                    transformer=SimpleImputer())),
                ('categorical_imputer',
                 TransformerWrapper(include=[],
                                    transformer=SimpleImputer(strategy='most_frequent'))),
                ('normalize',
                 TransformerWrapper(transformer=StandardScaler()))])
2025-09-15 17:08:04,980:INFO:Creating final display dataframe.
2025-09-15 17:08:05,000:INFO:Setup _display_container:                Description                 Value
0               Session id                   123
1      Original data shape              (150, 4)
2   Transformed data shape              (150, 4)
3         Numeric features                     4
4               Preprocess                  True
5          Imputation type                simple
6       Numeric imputation                  mean
7   Categorical imputation                  mode
8                Normalize                  True
9         Normalize method                zscore
10                CPU Jobs                    -1
11                 Use GPU                 False
12          Log Experiment                 False
13         Experiment Name  anomaly-default-name
14                     USI                  4432
2025-09-15 17:08:05,011:INFO:setup() successfully completed in 1.6s...............
2025-09-15 17:08:36,956:INFO:Initializing create_model()
2025-09-15 17:08:36,957:INFO:create_model(self=<pycaret.anomaly.oop.AnomalyExperiment object at 0x000001D9BE6ED0D0>, estimator=abod, num_clusters=4, fraction=0.05, ground_truth=None, round=4, fit_kwargs=None, experiment_custom_tags=None, verbose=True, system=True, add_to_model_list=True, raise_num_clusters=False, display=None, kwargs={})
2025-09-15 17:08:36,957:INFO:Checking exceptions
2025-09-15 17:08:37,019:INFO:Importing untrained model
2025-09-15 17:08:37,033:INFO:Angle-base Outlier Detection Imported successfully
2025-09-15 17:08:37,040:INFO:Fitting Model
2025-09-15 17:08:40,647:INFO:ABOD(contamination=0.05, method='fast', n_neighbors=5)
2025-09-15 17:08:40,647:INFO:create_models() successfully completed......................................
2025-09-15 17:08:40,658:INFO:Uploading results into container
2025-09-15 17:08:40,658:INFO:Uploading model into container now
2025-09-15 17:08:40,662:INFO:_master_model_container: 1
2025-09-15 17:08:40,662:INFO:_display_container: 1
2025-09-15 17:08:40,662:INFO:ABOD(contamination=0.05, method='fast', n_neighbors=5)
2025-09-15 17:08:40,662:INFO:create_model() successfully completed......................................
2025-09-15 17:08:40,814:INFO:Initializing assign_model()
2025-09-15 17:08:40,814:INFO:assign_model(self=<pycaret.anomaly.oop.AnomalyExperiment object at 0x000001D9BE6ED0D0>, model=ABOD(contamination=0.05, method='fast', n_neighbors=5), transformation=False, score=True, verbose=True)
2025-09-15 17:08:40,814:INFO:Checking exceptions
2025-09-15 17:08:40,814:INFO:Determining Trained Model
2025-09-15 17:08:40,815:INFO:Trained Model : Angle-base Outlier Detection
2025-09-15 17:08:40,815:INFO:Copying data
2025-09-15 17:08:40,816:INFO:(150, 6)
2025-09-15 17:08:40,816:INFO:assign_model() successfully completed......................................
2025-09-15 17:08:54,931:INFO:Initializing create_model()
2025-09-15 17:08:54,931:INFO:create_model(self=<pycaret.anomaly.oop.AnomalyExperiment object at 0x000001D9BE6ED0D0>, estimator=knn, num_clusters=4, fraction=0.05, ground_truth=None, round=4, fit_kwargs=None, experiment_custom_tags=None, verbose=True, system=True, add_to_model_list=True, raise_num_clusters=False, display=None, kwargs={})
2025-09-15 17:08:54,931:INFO:Checking exceptions
2025-09-15 17:08:55,003:INFO:Importing untrained model
2025-09-15 17:08:55,007:INFO:K-Nearest Neighbors Detector Imported successfully
2025-09-15 17:08:55,012:INFO:Fitting Model
2025-09-15 17:08:55,278:INFO:KNN(algorithm='auto', contamination=0.05, leaf_size=30, method='largest',
  metric='minkowski', metric_params=None, n_jobs=-1, n_neighbors=5, p=2,
  radius=1.0)
2025-09-15 17:08:55,278:INFO:create_models() successfully completed......................................
2025-09-15 17:08:55,289:INFO:Uploading results into container
2025-09-15 17:08:55,289:INFO:Uploading model into container now
2025-09-15 17:08:55,292:INFO:_master_model_container: 2
2025-09-15 17:08:55,293:INFO:_display_container: 1
2025-09-15 17:08:55,293:INFO:KNN(algorithm='auto', contamination=0.05, leaf_size=30, method='largest',
  metric='minkowski', metric_params=None, n_jobs=-1, n_neighbors=5, p=2,
  radius=1.0)
2025-09-15 17:08:55,294:INFO:create_model() successfully completed......................................
2025-09-15 17:08:55,524:INFO:Initializing assign_model()
2025-09-15 17:08:55,524:INFO:assign_model(self=<pycaret.anomaly.oop.AnomalyExperiment object at 0x000001D9BE6ED0D0>, model=KNN(algorithm='auto', contamination=0.05, leaf_size=30, method='largest',
  metric='minkowski', metric_params=None, n_jobs=-1, n_neighbors=5, p=2,
  radius=1.0), transformation=False, score=True, verbose=True)
2025-09-15 17:08:55,525:INFO:Checking exceptions
2025-09-15 17:08:55,525:INFO:Determining Trained Model
2025-09-15 17:08:55,525:INFO:Trained Model : K-Nearest Neighbors Detector
2025-09-15 17:08:55,525:INFO:Copying data
2025-09-15 17:08:55,526:INFO:(150, 6)
2025-09-15 17:08:55,526:INFO:assign_model() successfully completed......................................
2025-09-15 17:09:08,123:INFO:Initializing create_model()
2025-09-15 17:09:08,123:INFO:create_model(self=<pycaret.anomaly.oop.AnomalyExperiment object at 0x000001D9BE6ED0D0>, estimator=lof, num_clusters=4, fraction=0.05, ground_truth=None, round=4, fit_kwargs=None, experiment_custom_tags=None, verbose=True, system=True, add_to_model_list=True, raise_num_clusters=False, display=None, kwargs={})
2025-09-15 17:09:08,123:INFO:Checking exceptions
2025-09-15 17:09:08,201:INFO:Importing untrained model
2025-09-15 17:09:08,206:INFO:Local Outlier Factor Imported successfully
2025-09-15 17:09:08,219:INFO:Fitting Model
2025-09-15 17:09:08,297:INFO:LOF(algorithm='auto', contamination=0.05, leaf_size=30, metric='minkowski',
  metric_params=None, n_jobs=-1, n_neighbors=20, novelty=True, p=2)
2025-09-15 17:09:08,297:INFO:create_models() successfully completed......................................
2025-09-15 17:09:08,305:INFO:Uploading results into container
2025-09-15 17:09:08,305:INFO:Uploading model into container now
2025-09-15 17:09:08,308:INFO:_master_model_container: 3
2025-09-15 17:09:08,308:INFO:_display_container: 1
2025-09-15 17:09:08,309:INFO:LOF(algorithm='auto', contamination=0.05, leaf_size=30, metric='minkowski',
  metric_params=None, n_jobs=-1, n_neighbors=20, novelty=True, p=2)
2025-09-15 17:09:08,309:INFO:create_model() successfully completed......................................
2025-09-15 17:09:08,603:INFO:Initializing assign_model()
2025-09-15 17:09:08,603:INFO:assign_model(self=<pycaret.anomaly.oop.AnomalyExperiment object at 0x000001D9BE6ED0D0>, model=LOF(algorithm='auto', contamination=0.05, leaf_size=30, metric='minkowski',
  metric_params=None, n_jobs=-1, n_neighbors=20, novelty=True, p=2), transformation=False, score=True, verbose=True)
2025-09-15 17:09:08,603:INFO:Checking exceptions
2025-09-15 17:09:08,603:INFO:Determining Trained Model
2025-09-15 17:09:08,604:INFO:Trained Model : Local Outlier Factor
2025-09-15 17:09:08,604:INFO:Copying data
2025-09-15 17:09:08,605:INFO:(150, 6)
2025-09-15 17:09:08,605:INFO:assign_model() successfully completed......................................
